{"C:\\Users\\rodri\\Projetos\\FocalBackend\\knexfile.js": {"path":"C:\\Users\\rodri\\Projetos\\FocalBackend\\knexfile.js","statementMap":{"0":{"start":{"line":3,"column":0},"end":{"line":41,"column":2}}},"fnMap":{},"branchMap":{},"s":{"0":1},"f":{},"b":{},"_coverageSchema":"1a1c01bbd47fc00a2c39e90264f33305004495a9","hash":"2de1d47c54c772ef6ad0b0d983832edfd2636ca5"}
,"C:\\Users\\rodri\\Projetos\\FocalBackend\\src\\database\\migrations\\20201123204044_create_users.js": {"path":"C:\\Users\\rodri\\Projetos\\FocalBackend\\src\\database\\migrations\\20201123204044_create_users.js","statementMap":{"0":{"start":{"line":2,"column":0},"end":{"line":10,"column":2}},"1":{"start":{"line":3,"column":4},"end":{"line":9,"column":7}},"2":{"start":{"line":4,"column":8},"end":{"line":4,"column":37}},"3":{"start":{"line":5,"column":8},"end":{"line":5,"column":53}},"4":{"start":{"line":6,"column":8},"end":{"line":6,"column":47}},"5":{"start":{"line":7,"column":8},"end":{"line":7,"column":63}},"6":{"start":{"line":8,"column":8},"end":{"line":8,"column":63}},"7":{"start":{"line":12,"column":0},"end":{"line":14,"column":2}},"8":{"start":{"line":13,"column":4},"end":{"line":13,"column":42}}},"fnMap":{"0":{"name":"(anonymous_0)","decl":{"start":{"line":2,"column":13},"end":{"line":2,"column":14}},"loc":{"start":{"line":2,"column":29},"end":{"line":10,"column":1}},"line":2},"1":{"name":"(anonymous_1)","decl":{"start":{"line":3,"column":44},"end":{"line":3,"column":45}},"loc":{"start":{"line":3,"column":61},"end":{"line":9,"column":5}},"line":3},"2":{"name":"(anonymous_2)","decl":{"start":{"line":12,"column":15},"end":{"line":12,"column":16}},"loc":{"start":{"line":12,"column":31},"end":{"line":14,"column":1}},"line":12}},"branchMap":{},"s":{"0":1,"1":1,"2":1,"3":1,"4":1,"5":1,"6":1,"7":1,"8":1},"f":{"0":1,"1":1,"2":1},"b":{},"_coverageSchema":"1a1c01bbd47fc00a2c39e90264f33305004495a9","hash":"b62c8e5edf2f08e6d67c41b9aae8e2935c49ea5e"}
,"C:\\Users\\rodri\\Projetos\\FocalBackend\\src\\database\\migrations\\20210401141941_covid_questions.js": {"path":"C:\\Users\\rodri\\Projetos\\FocalBackend\\src\\database\\migrations\\20210401141941_covid_questions.js","statementMap":{"0":{"start":{"line":2,"column":0},"end":{"line":29,"column":2}},"1":{"start":{"line":3,"column":4},"end":{"line":28,"column":6}},"2":{"start":{"line":4,"column":8},"end":{"line":4,"column":26}},"3":{"start":{"line":6,"column":8},"end":{"line":6,"column":39}},"4":{"start":{"line":7,"column":8},"end":{"line":7,"column":50}},"5":{"start":{"line":8,"column":8},"end":{"line":8,"column":39}},"6":{"start":{"line":9,"column":8},"end":{"line":9,"column":50}},"7":{"start":{"line":10,"column":8},"end":{"line":10,"column":39}},"8":{"start":{"line":11,"column":8},"end":{"line":11,"column":50}},"9":{"start":{"line":12,"column":8},"end":{"line":12,"column":39}},"10":{"start":{"line":13,"column":8},"end":{"line":13,"column":50}},"11":{"start":{"line":14,"column":8},"end":{"line":14,"column":39}},"12":{"start":{"line":15,"column":8},"end":{"line":15,"column":50}},"13":{"start":{"line":16,"column":8},"end":{"line":16,"column":39}},"14":{"start":{"line":17,"column":8},"end":{"line":17,"column":50}},"15":{"start":{"line":18,"column":8},"end":{"line":18,"column":39}},"16":{"start":{"line":19,"column":8},"end":{"line":19,"column":50}},"17":{"start":{"line":20,"column":8},"end":{"line":20,"column":39}},"18":{"start":{"line":21,"column":8},"end":{"line":21,"column":50}},"19":{"start":{"line":22,"column":8},"end":{"line":22,"column":39}},"20":{"start":{"line":23,"column":8},"end":{"line":23,"column":50}},"21":{"start":{"line":25,"column":8},"end":{"line":25,"column":46}},"22":{"start":{"line":27,"column":8},"end":{"line":27,"column":67}},"23":{"start":{"line":31,"column":0},"end":{"line":33,"column":2}},"24":{"start":{"line":32,"column":4},"end":{"line":32,"column":51}}},"fnMap":{"0":{"name":"(anonymous_0)","decl":{"start":{"line":2,"column":13},"end":{"line":2,"column":14}},"loc":{"start":{"line":2,"column":28},"end":{"line":29,"column":1}},"line":2},"1":{"name":"(anonymous_1)","decl":{"start":{"line":3,"column":54},"end":{"line":3,"column":55}},"loc":{"start":{"line":3,"column":70},"end":{"line":28,"column":5}},"line":3},"2":{"name":"(anonymous_2)","decl":{"start":{"line":31,"column":15},"end":{"line":31,"column":16}},"loc":{"start":{"line":31,"column":30},"end":{"line":33,"column":1}},"line":31}},"branchMap":{},"s":{"0":1,"1":1,"2":1,"3":1,"4":1,"5":1,"6":1,"7":1,"8":1,"9":1,"10":1,"11":1,"12":1,"13":1,"14":1,"15":1,"16":1,"17":1,"18":1,"19":1,"20":1,"21":1,"22":1,"23":1,"24":1},"f":{"0":1,"1":1,"2":1},"b":{},"_coverageSchema":"1a1c01bbd47fc00a2c39e90264f33305004495a9","hash":"2a5d6b56873467c1d71b44b61dafa3ee55c49fba"}
,"C:\\Users\\rodri\\Projetos\\FocalBackend\\src\\database\\migrations\\20210402222543_create_store_info.js": {"path":"C:\\Users\\rodri\\Projetos\\FocalBackend\\src\\database\\migrations\\20210402222543_create_store_info.js","statementMap":{"0":{"start":{"line":2,"column":0},"end":{"line":15,"column":2}},"1":{"start":{"line":3,"column":4},"end":{"line":14,"column":6}},"2":{"start":{"line":4,"column":8},"end":{"line":4,"column":26}},"3":{"start":{"line":6,"column":8},"end":{"line":6,"column":44}},"4":{"start":{"line":7,"column":8},"end":{"line":7,"column":48}},"5":{"start":{"line":8,"column":8},"end":{"line":8,"column":41}},"6":{"start":{"line":9,"column":8},"end":{"line":9,"column":48}},"7":{"start":{"line":11,"column":8},"end":{"line":11,"column":46}},"8":{"start":{"line":13,"column":8},"end":{"line":13,"column":67}},"9":{"start":{"line":17,"column":0},"end":{"line":19,"column":2}},"10":{"start":{"line":18,"column":4},"end":{"line":18,"column":47}}},"fnMap":{"0":{"name":"(anonymous_0)","decl":{"start":{"line":2,"column":13},"end":{"line":2,"column":14}},"loc":{"start":{"line":2,"column":28},"end":{"line":15,"column":1}},"line":2},"1":{"name":"(anonymous_1)","decl":{"start":{"line":3,"column":49},"end":{"line":3,"column":50}},"loc":{"start":{"line":3,"column":66},"end":{"line":14,"column":5}},"line":3},"2":{"name":"(anonymous_2)","decl":{"start":{"line":17,"column":15},"end":{"line":17,"column":16}},"loc":{"start":{"line":17,"column":30},"end":{"line":19,"column":1}},"line":17}},"branchMap":{},"s":{"0":1,"1":1,"2":1,"3":1,"4":1,"5":1,"6":1,"7":1,"8":1,"9":1,"10":1},"f":{"0":1,"1":1,"2":1},"b":{},"_coverageSchema":"1a1c01bbd47fc00a2c39e90264f33305004495a9","hash":"a3bf980f7769546fa27060e94b6d7f06fd6d1105"}
,"C:\\Users\\rodri\\Projetos\\FocalBackend\\src\\database\\migrations\\20210608222945_communication_questions.js": {"path":"C:\\Users\\rodri\\Projetos\\FocalBackend\\src\\database\\migrations\\20210608222945_communication_questions.js","statementMap":{"0":{"start":{"line":2,"column":0},"end":{"line":21,"column":2}},"1":{"start":{"line":3,"column":4},"end":{"line":20,"column":6}},"2":{"start":{"line":4,"column":8},"end":{"line":4,"column":26}},"3":{"start":{"line":6,"column":8},"end":{"line":6,"column":47}},"4":{"start":{"line":7,"column":8},"end":{"line":7,"column":58}},"5":{"start":{"line":8,"column":8},"end":{"line":8,"column":47}},"6":{"start":{"line":9,"column":8},"end":{"line":9,"column":58}},"7":{"start":{"line":10,"column":8},"end":{"line":10,"column":47}},"8":{"start":{"line":11,"column":8},"end":{"line":11,"column":58}},"9":{"start":{"line":12,"column":8},"end":{"line":12,"column":47}},"10":{"start":{"line":13,"column":8},"end":{"line":13,"column":58}},"11":{"start":{"line":14,"column":8},"end":{"line":14,"column":47}},"12":{"start":{"line":15,"column":8},"end":{"line":15,"column":58}},"13":{"start":{"line":17,"column":8},"end":{"line":17,"column":46}},"14":{"start":{"line":19,"column":8},"end":{"line":19,"column":67}},"15":{"start":{"line":23,"column":0},"end":{"line":25,"column":2}},"16":{"start":{"line":24,"column":4},"end":{"line":24,"column":59}}},"fnMap":{"0":{"name":"(anonymous_0)","decl":{"start":{"line":2,"column":13},"end":{"line":2,"column":14}},"loc":{"start":{"line":2,"column":29},"end":{"line":21,"column":1}},"line":2},"1":{"name":"(anonymous_1)","decl":{"start":{"line":3,"column":62},"end":{"line":3,"column":63}},"loc":{"start":{"line":3,"column":79},"end":{"line":20,"column":5}},"line":3},"2":{"name":"(anonymous_2)","decl":{"start":{"line":23,"column":15},"end":{"line":23,"column":16}},"loc":{"start":{"line":23,"column":31},"end":{"line":25,"column":1}},"line":23}},"branchMap":{},"s":{"0":1,"1":1,"2":1,"3":1,"4":1,"5":1,"6":1,"7":1,"8":1,"9":1,"10":1,"11":1,"12":1,"13":1,"14":1,"15":1,"16":1},"f":{"0":1,"1":1,"2":1},"b":{},"_coverageSchema":"1a1c01bbd47fc00a2c39e90264f33305004495a9","hash":"c417bbbad2bec963bbf218312cd7b4bea1ff86de"}
,"C:\\Users\\rodri\\Projetos\\FocalBackend\\src\\database\\migrations\\20210608223958_culture_questions.js": {"path":"C:\\Users\\rodri\\Projetos\\FocalBackend\\src\\database\\migrations\\20210608223958_culture_questions.js","statementMap":{"0":{"start":{"line":2,"column":0},"end":{"line":19,"column":2}},"1":{"start":{"line":3,"column":4},"end":{"line":18,"column":6}},"2":{"start":{"line":4,"column":8},"end":{"line":4,"column":27}},"3":{"start":{"line":6,"column":8},"end":{"line":6,"column":41}},"4":{"start":{"line":7,"column":8},"end":{"line":7,"column":52}},"5":{"start":{"line":8,"column":8},"end":{"line":8,"column":41}},"6":{"start":{"line":9,"column":8},"end":{"line":9,"column":52}},"7":{"start":{"line":10,"column":8},"end":{"line":10,"column":41}},"8":{"start":{"line":11,"column":8},"end":{"line":11,"column":52}},"9":{"start":{"line":12,"column":8},"end":{"line":12,"column":41}},"10":{"start":{"line":13,"column":8},"end":{"line":13,"column":52}},"11":{"start":{"line":15,"column":8},"end":{"line":15,"column":46}},"12":{"start":{"line":17,"column":8},"end":{"line":17,"column":67}},"13":{"start":{"line":21,"column":0},"end":{"line":23,"column":2}},"14":{"start":{"line":22,"column":4},"end":{"line":22,"column":53}}},"fnMap":{"0":{"name":"(anonymous_0)","decl":{"start":{"line":2,"column":13},"end":{"line":2,"column":14}},"loc":{"start":{"line":2,"column":29},"end":{"line":19,"column":1}},"line":2},"1":{"name":"(anonymous_1)","decl":{"start":{"line":3,"column":56},"end":{"line":3,"column":57}},"loc":{"start":{"line":3,"column":73},"end":{"line":18,"column":5}},"line":3},"2":{"name":"(anonymous_2)","decl":{"start":{"line":21,"column":15},"end":{"line":21,"column":16}},"loc":{"start":{"line":21,"column":31},"end":{"line":23,"column":1}},"line":21}},"branchMap":{},"s":{"0":1,"1":1,"2":1,"3":1,"4":1,"5":1,"6":1,"7":1,"8":1,"9":1,"10":1,"11":1,"12":1,"13":1,"14":1},"f":{"0":1,"1":1,"2":1},"b":{},"_coverageSchema":"1a1c01bbd47fc00a2c39e90264f33305004495a9","hash":"b84dca8d3df33f1e6783095d568a8613583ceb48"}
,"C:\\Users\\rodri\\Projetos\\FocalBackend\\src\\database\\migrations\\20210608224841_engagement_questions.js": {"path":"C:\\Users\\rodri\\Projetos\\FocalBackend\\src\\database\\migrations\\20210608224841_engagement_questions.js","statementMap":{"0":{"start":{"line":2,"column":0},"end":{"line":19,"column":2}},"1":{"start":{"line":3,"column":4},"end":{"line":18,"column":6}},"2":{"start":{"line":4,"column":8},"end":{"line":4,"column":27}},"3":{"start":{"line":6,"column":8},"end":{"line":6,"column":44}},"4":{"start":{"line":7,"column":8},"end":{"line":7,"column":55}},"5":{"start":{"line":8,"column":8},"end":{"line":8,"column":44}},"6":{"start":{"line":9,"column":8},"end":{"line":9,"column":55}},"7":{"start":{"line":10,"column":8},"end":{"line":10,"column":44}},"8":{"start":{"line":11,"column":8},"end":{"line":11,"column":55}},"9":{"start":{"line":12,"column":8},"end":{"line":12,"column":44}},"10":{"start":{"line":13,"column":8},"end":{"line":13,"column":55}},"11":{"start":{"line":15,"column":8},"end":{"line":15,"column":46}},"12":{"start":{"line":17,"column":8},"end":{"line":17,"column":67}},"13":{"start":{"line":21,"column":0},"end":{"line":23,"column":2}},"14":{"start":{"line":22,"column":4},"end":{"line":22,"column":56}}},"fnMap":{"0":{"name":"(anonymous_0)","decl":{"start":{"line":2,"column":13},"end":{"line":2,"column":14}},"loc":{"start":{"line":2,"column":29},"end":{"line":19,"column":1}},"line":2},"1":{"name":"(anonymous_1)","decl":{"start":{"line":3,"column":59},"end":{"line":3,"column":60}},"loc":{"start":{"line":3,"column":76},"end":{"line":18,"column":5}},"line":3},"2":{"name":"(anonymous_2)","decl":{"start":{"line":21,"column":15},"end":{"line":21,"column":16}},"loc":{"start":{"line":21,"column":31},"end":{"line":23,"column":1}},"line":21}},"branchMap":{},"s":{"0":1,"1":1,"2":1,"3":1,"4":1,"5":1,"6":1,"7":1,"8":1,"9":1,"10":1,"11":1,"12":1,"13":1,"14":1},"f":{"0":1,"1":1,"2":1},"b":{},"_coverageSchema":"1a1c01bbd47fc00a2c39e90264f33305004495a9","hash":"654b73cc0513c1455dbc8fa3d530a145a04acc10"}
,"C:\\Users\\rodri\\Projetos\\FocalBackend\\src\\database\\migrations\\20210608230239_employee_experience_questions.js": {"path":"C:\\Users\\rodri\\Projetos\\FocalBackend\\src\\database\\migrations\\20210608230239_employee_experience_questions.js","statementMap":{"0":{"start":{"line":2,"column":0},"end":{"line":33,"column":2}},"1":{"start":{"line":3,"column":4},"end":{"line":32,"column":6}},"2":{"start":{"line":4,"column":8},"end":{"line":4,"column":44}},"3":{"start":{"line":5,"column":8},"end":{"line":5,"column":55}},"4":{"start":{"line":6,"column":8},"end":{"line":6,"column":44}},"5":{"start":{"line":7,"column":8},"end":{"line":7,"column":55}},"6":{"start":{"line":8,"column":8},"end":{"line":8,"column":44}},"7":{"start":{"line":9,"column":8},"end":{"line":9,"column":55}},"8":{"start":{"line":10,"column":8},"end":{"line":10,"column":44}},"9":{"start":{"line":11,"column":8},"end":{"line":11,"column":55}},"10":{"start":{"line":12,"column":8},"end":{"line":12,"column":44}},"11":{"start":{"line":13,"column":8},"end":{"line":13,"column":55}},"12":{"start":{"line":14,"column":8},"end":{"line":14,"column":44}},"13":{"start":{"line":15,"column":8},"end":{"line":15,"column":55}},"14":{"start":{"line":16,"column":8},"end":{"line":16,"column":44}},"15":{"start":{"line":17,"column":8},"end":{"line":17,"column":55}},"16":{"start":{"line":18,"column":8},"end":{"line":18,"column":44}},"17":{"start":{"line":19,"column":8},"end":{"line":19,"column":55}},"18":{"start":{"line":20,"column":8},"end":{"line":20,"column":44}},"19":{"start":{"line":21,"column":8},"end":{"line":21,"column":55}},"20":{"start":{"line":22,"column":8},"end":{"line":22,"column":45}},"21":{"start":{"line":23,"column":8},"end":{"line":23,"column":56}},"22":{"start":{"line":24,"column":8},"end":{"line":24,"column":45}},"23":{"start":{"line":25,"column":8},"end":{"line":25,"column":56}},"24":{"start":{"line":26,"column":8},"end":{"line":26,"column":45}},"25":{"start":{"line":27,"column":8},"end":{"line":27,"column":56}},"26":{"start":{"line":28,"column":8},"end":{"line":28,"column":45}},"27":{"start":{"line":29,"column":8},"end":{"line":29,"column":56}},"28":{"start":{"line":30,"column":8},"end":{"line":30,"column":45}},"29":{"start":{"line":31,"column":8},"end":{"line":31,"column":56}},"30":{"start":{"line":35,"column":0},"end":{"line":37,"column":2}},"31":{"start":{"line":36,"column":4},"end":{"line":36,"column":65}}},"fnMap":{"0":{"name":"(anonymous_0)","decl":{"start":{"line":2,"column":13},"end":{"line":2,"column":14}},"loc":{"start":{"line":2,"column":29},"end":{"line":33,"column":1}},"line":2},"1":{"name":"(anonymous_1)","decl":{"start":{"line":3,"column":68},"end":{"line":3,"column":69}},"loc":{"start":{"line":3,"column":85},"end":{"line":32,"column":5}},"line":3},"2":{"name":"(anonymous_2)","decl":{"start":{"line":35,"column":15},"end":{"line":35,"column":16}},"loc":{"start":{"line":35,"column":31},"end":{"line":37,"column":1}},"line":35}},"branchMap":{},"s":{"0":1,"1":1,"2":1,"3":1,"4":1,"5":1,"6":1,"7":1,"8":1,"9":1,"10":1,"11":1,"12":1,"13":1,"14":1,"15":1,"16":1,"17":1,"18":1,"19":1,"20":1,"21":1,"22":1,"23":1,"24":1,"25":1,"26":1,"27":1,"28":1,"29":1,"30":1,"31":1},"f":{"0":1,"1":1,"2":1},"b":{},"_coverageSchema":"1a1c01bbd47fc00a2c39e90264f33305004495a9","hash":"1e3e31d1f295efeebc5fcbf5f28967b85f30c258"}
,"C:\\Users\\rodri\\Projetos\\FocalBackend\\src\\database\\migrations\\20210608230313_customer_experience_questions.js": {"path":"C:\\Users\\rodri\\Projetos\\FocalBackend\\src\\database\\migrations\\20210608230313_customer_experience_questions.js","statementMap":{"0":{"start":{"line":2,"column":0},"end":{"line":35,"column":2}},"1":{"start":{"line":3,"column":4},"end":{"line":34,"column":6}},"2":{"start":{"line":4,"column":8},"end":{"line":4,"column":27}},"3":{"start":{"line":6,"column":8},"end":{"line":6,"column":44}},"4":{"start":{"line":7,"column":8},"end":{"line":7,"column":55}},"5":{"start":{"line":8,"column":8},"end":{"line":8,"column":44}},"6":{"start":{"line":9,"column":8},"end":{"line":9,"column":55}},"7":{"start":{"line":10,"column":8},"end":{"line":10,"column":44}},"8":{"start":{"line":11,"column":8},"end":{"line":11,"column":55}},"9":{"start":{"line":12,"column":8},"end":{"line":12,"column":44}},"10":{"start":{"line":13,"column":8},"end":{"line":13,"column":55}},"11":{"start":{"line":14,"column":8},"end":{"line":14,"column":44}},"12":{"start":{"line":15,"column":8},"end":{"line":15,"column":55}},"13":{"start":{"line":16,"column":8},"end":{"line":16,"column":44}},"14":{"start":{"line":17,"column":8},"end":{"line":17,"column":55}},"15":{"start":{"line":18,"column":8},"end":{"line":18,"column":44}},"16":{"start":{"line":19,"column":8},"end":{"line":19,"column":55}},"17":{"start":{"line":20,"column":8},"end":{"line":20,"column":44}},"18":{"start":{"line":21,"column":8},"end":{"line":21,"column":55}},"19":{"start":{"line":22,"column":8},"end":{"line":22,"column":44}},"20":{"start":{"line":23,"column":8},"end":{"line":23,"column":55}},"21":{"start":{"line":24,"column":8},"end":{"line":24,"column":45}},"22":{"start":{"line":25,"column":8},"end":{"line":25,"column":56}},"23":{"start":{"line":26,"column":8},"end":{"line":26,"column":45}},"24":{"start":{"line":27,"column":8},"end":{"line":27,"column":56}},"25":{"start":{"line":28,"column":8},"end":{"line":28,"column":45}},"26":{"start":{"line":29,"column":8},"end":{"line":29,"column":56}},"27":{"start":{"line":31,"column":8},"end":{"line":31,"column":46}},"28":{"start":{"line":33,"column":8},"end":{"line":33,"column":67}},"29":{"start":{"line":37,"column":0},"end":{"line":39,"column":2}},"30":{"start":{"line":38,"column":4},"end":{"line":38,"column":65}}},"fnMap":{"0":{"name":"(anonymous_0)","decl":{"start":{"line":2,"column":13},"end":{"line":2,"column":14}},"loc":{"start":{"line":2,"column":29},"end":{"line":35,"column":1}},"line":2},"1":{"name":"(anonymous_1)","decl":{"start":{"line":3,"column":68},"end":{"line":3,"column":69}},"loc":{"start":{"line":3,"column":85},"end":{"line":34,"column":5}},"line":3},"2":{"name":"(anonymous_2)","decl":{"start":{"line":37,"column":15},"end":{"line":37,"column":16}},"loc":{"start":{"line":37,"column":31},"end":{"line":39,"column":1}},"line":37}},"branchMap":{},"s":{"0":1,"1":1,"2":1,"3":1,"4":1,"5":1,"6":1,"7":1,"8":1,"9":1,"10":1,"11":1,"12":1,"13":1,"14":1,"15":1,"16":1,"17":1,"18":1,"19":1,"20":1,"21":1,"22":1,"23":1,"24":1,"25":1,"26":1,"27":1,"28":1,"29":1,"30":1},"f":{"0":1,"1":1,"2":1},"b":{},"_coverageSchema":"1a1c01bbd47fc00a2c39e90264f33305004495a9","hash":"ec099a956f563eb0bfb5a162c22d10d2f07da5e5"}
,"C:\\Users\\rodri\\Projetos\\FocalBackend\\src\\database\\migrations\\20210608230701_frame_questions.js": {"path":"C:\\Users\\rodri\\Projetos\\FocalBackend\\src\\database\\migrations\\20210608230701_frame_questions.js","statementMap":{"0":{"start":{"line":2,"column":0},"end":{"line":19,"column":2}},"1":{"start":{"line":3,"column":4},"end":{"line":18,"column":6}},"2":{"start":{"line":4,"column":8},"end":{"line":4,"column":27}},"3":{"start":{"line":6,"column":8},"end":{"line":6,"column":39}},"4":{"start":{"line":7,"column":8},"end":{"line":7,"column":50}},"5":{"start":{"line":8,"column":8},"end":{"line":8,"column":39}},"6":{"start":{"line":9,"column":8},"end":{"line":9,"column":50}},"7":{"start":{"line":10,"column":8},"end":{"line":10,"column":39}},"8":{"start":{"line":11,"column":8},"end":{"line":11,"column":50}},"9":{"start":{"line":12,"column":8},"end":{"line":12,"column":39}},"10":{"start":{"line":13,"column":8},"end":{"line":13,"column":50}},"11":{"start":{"line":15,"column":8},"end":{"line":15,"column":46}},"12":{"start":{"line":17,"column":8},"end":{"line":17,"column":67}},"13":{"start":{"line":21,"column":0},"end":{"line":23,"column":2}},"14":{"start":{"line":22,"column":4},"end":{"line":22,"column":51}}},"fnMap":{"0":{"name":"(anonymous_0)","decl":{"start":{"line":2,"column":13},"end":{"line":2,"column":14}},"loc":{"start":{"line":2,"column":29},"end":{"line":19,"column":1}},"line":2},"1":{"name":"(anonymous_1)","decl":{"start":{"line":3,"column":54},"end":{"line":3,"column":55}},"loc":{"start":{"line":3,"column":71},"end":{"line":18,"column":5}},"line":3},"2":{"name":"(anonymous_2)","decl":{"start":{"line":21,"column":15},"end":{"line":21,"column":16}},"loc":{"start":{"line":21,"column":31},"end":{"line":23,"column":1}},"line":21}},"branchMap":{},"s":{"0":1,"1":1,"2":1,"3":1,"4":1,"5":1,"6":1,"7":1,"8":1,"9":1,"10":1,"11":1,"12":1,"13":1,"14":1},"f":{"0":1,"1":1,"2":1},"b":{},"_coverageSchema":"1a1c01bbd47fc00a2c39e90264f33305004495a9","hash":"76c40aceb53a3291061fcce41fb693bb5b1b3343"}
,"C:\\Users\\rodri\\Projetos\\FocalBackend\\src\\database\\migrations\\20210608231110_routine_management_questions.js": {"path":"C:\\Users\\rodri\\Projetos\\FocalBackend\\src\\database\\migrations\\20210608231110_routine_management_questions.js","statementMap":{"0":{"start":{"line":2,"column":0},"end":{"line":25,"column":2}},"1":{"start":{"line":3,"column":4},"end":{"line":24,"column":6}},"2":{"start":{"line":4,"column":8},"end":{"line":4,"column":27}},"3":{"start":{"line":6,"column":8},"end":{"line":6,"column":51}},"4":{"start":{"line":7,"column":8},"end":{"line":7,"column":62}},"5":{"start":{"line":8,"column":8},"end":{"line":8,"column":51}},"6":{"start":{"line":9,"column":8},"end":{"line":9,"column":62}},"7":{"start":{"line":10,"column":8},"end":{"line":10,"column":51}},"8":{"start":{"line":11,"column":8},"end":{"line":11,"column":62}},"9":{"start":{"line":12,"column":8},"end":{"line":12,"column":51}},"10":{"start":{"line":13,"column":8},"end":{"line":13,"column":62}},"11":{"start":{"line":14,"column":8},"end":{"line":14,"column":51}},"12":{"start":{"line":15,"column":8},"end":{"line":15,"column":62}},"13":{"start":{"line":16,"column":8},"end":{"line":16,"column":51}},"14":{"start":{"line":17,"column":8},"end":{"line":17,"column":62}},"15":{"start":{"line":18,"column":8},"end":{"line":18,"column":51}},"16":{"start":{"line":19,"column":8},"end":{"line":19,"column":62}},"17":{"start":{"line":21,"column":8},"end":{"line":21,"column":46}},"18":{"start":{"line":23,"column":8},"end":{"line":23,"column":67}},"19":{"start":{"line":27,"column":0},"end":{"line":29,"column":2}},"20":{"start":{"line":28,"column":4},"end":{"line":28,"column":64}}},"fnMap":{"0":{"name":"(anonymous_0)","decl":{"start":{"line":2,"column":13},"end":{"line":2,"column":14}},"loc":{"start":{"line":2,"column":29},"end":{"line":25,"column":1}},"line":2},"1":{"name":"(anonymous_1)","decl":{"start":{"line":3,"column":67},"end":{"line":3,"column":68}},"loc":{"start":{"line":3,"column":84},"end":{"line":24,"column":5}},"line":3},"2":{"name":"(anonymous_2)","decl":{"start":{"line":27,"column":15},"end":{"line":27,"column":16}},"loc":{"start":{"line":27,"column":31},"end":{"line":29,"column":1}},"line":27}},"branchMap":{},"s":{"0":1,"1":1,"2":1,"3":1,"4":1,"5":1,"6":1,"7":1,"8":1,"9":1,"10":1,"11":1,"12":1,"13":1,"14":1,"15":1,"16":1,"17":1,"18":1,"19":1,"20":1},"f":{"0":1,"1":1,"2":1},"b":{},"_coverageSchema":"1a1c01bbd47fc00a2c39e90264f33305004495a9","hash":"8b8a60af1ab176f6b804de2b81e5dd1899e490b1"}
,"C:\\Users\\rodri\\Projetos\\FocalBackend\\src\\database\\migrations\\20210608231713_work_safety_questions.js": {"path":"C:\\Users\\rodri\\Projetos\\FocalBackend\\src\\database\\migrations\\20210608231713_work_safety_questions.js","statementMap":{"0":{"start":{"line":2,"column":0},"end":{"line":31,"column":2}},"1":{"start":{"line":3,"column":4},"end":{"line":30,"column":6}},"2":{"start":{"line":4,"column":8},"end":{"line":4,"column":27}},"3":{"start":{"line":6,"column":8},"end":{"line":6,"column":44}},"4":{"start":{"line":7,"column":8},"end":{"line":7,"column":55}},"5":{"start":{"line":8,"column":8},"end":{"line":8,"column":44}},"6":{"start":{"line":9,"column":8},"end":{"line":9,"column":55}},"7":{"start":{"line":10,"column":8},"end":{"line":10,"column":44}},"8":{"start":{"line":11,"column":8},"end":{"line":11,"column":55}},"9":{"start":{"line":12,"column":8},"end":{"line":12,"column":44}},"10":{"start":{"line":13,"column":8},"end":{"line":13,"column":55}},"11":{"start":{"line":14,"column":8},"end":{"line":14,"column":44}},"12":{"start":{"line":15,"column":8},"end":{"line":15,"column":55}},"13":{"start":{"line":16,"column":8},"end":{"line":16,"column":44}},"14":{"start":{"line":17,"column":8},"end":{"line":17,"column":55}},"15":{"start":{"line":18,"column":8},"end":{"line":18,"column":44}},"16":{"start":{"line":19,"column":8},"end":{"line":19,"column":55}},"17":{"start":{"line":20,"column":8},"end":{"line":20,"column":44}},"18":{"start":{"line":21,"column":8},"end":{"line":21,"column":55}},"19":{"start":{"line":22,"column":8},"end":{"line":22,"column":44}},"20":{"start":{"line":23,"column":8},"end":{"line":23,"column":55}},"21":{"start":{"line":24,"column":8},"end":{"line":24,"column":45}},"22":{"start":{"line":25,"column":8},"end":{"line":25,"column":56}},"23":{"start":{"line":27,"column":8},"end":{"line":27,"column":46}},"24":{"start":{"line":29,"column":8},"end":{"line":29,"column":67}},"25":{"start":{"line":33,"column":0},"end":{"line":35,"column":2}},"26":{"start":{"line":34,"column":4},"end":{"line":34,"column":57}}},"fnMap":{"0":{"name":"(anonymous_0)","decl":{"start":{"line":2,"column":13},"end":{"line":2,"column":14}},"loc":{"start":{"line":2,"column":29},"end":{"line":31,"column":1}},"line":2},"1":{"name":"(anonymous_1)","decl":{"start":{"line":3,"column":60},"end":{"line":3,"column":61}},"loc":{"start":{"line":3,"column":77},"end":{"line":30,"column":5}},"line":3},"2":{"name":"(anonymous_2)","decl":{"start":{"line":33,"column":15},"end":{"line":33,"column":16}},"loc":{"start":{"line":33,"column":31},"end":{"line":35,"column":1}},"line":33}},"branchMap":{},"s":{"0":1,"1":1,"2":1,"3":1,"4":1,"5":1,"6":1,"7":1,"8":1,"9":1,"10":1,"11":1,"12":1,"13":1,"14":1,"15":1,"16":1,"17":1,"18":1,"19":1,"20":1,"21":1,"22":1,"23":1,"24":1,"25":1,"26":1},"f":{"0":1,"1":1,"2":1},"b":{},"_coverageSchema":"1a1c01bbd47fc00a2c39e90264f33305004495a9","hash":"b8657799c7691e9e47c37b73141159f0ae7eee7d"}
,"C:\\Users\\rodri\\Projetos\\FocalBackend\\src\\database\\migrations\\20210608232302_routines_PM_BM_questions.js": {"path":"C:\\Users\\rodri\\Projetos\\FocalBackend\\src\\database\\migrations\\20210608232302_routines_PM_BM_questions.js","statementMap":{"0":{"start":{"line":2,"column":0},"end":{"line":33,"column":2}},"1":{"start":{"line":3,"column":4},"end":{"line":32,"column":6}},"2":{"start":{"line":4,"column":8},"end":{"line":4,"column":27}},"3":{"start":{"line":6,"column":8},"end":{"line":6,"column":46}},"4":{"start":{"line":7,"column":8},"end":{"line":7,"column":57}},"5":{"start":{"line":8,"column":8},"end":{"line":8,"column":46}},"6":{"start":{"line":9,"column":8},"end":{"line":9,"column":57}},"7":{"start":{"line":10,"column":8},"end":{"line":10,"column":46}},"8":{"start":{"line":11,"column":8},"end":{"line":11,"column":57}},"9":{"start":{"line":12,"column":8},"end":{"line":12,"column":46}},"10":{"start":{"line":13,"column":8},"end":{"line":13,"column":57}},"11":{"start":{"line":14,"column":8},"end":{"line":14,"column":46}},"12":{"start":{"line":15,"column":8},"end":{"line":15,"column":57}},"13":{"start":{"line":16,"column":8},"end":{"line":16,"column":46}},"14":{"start":{"line":17,"column":8},"end":{"line":17,"column":57}},"15":{"start":{"line":18,"column":8},"end":{"line":18,"column":46}},"16":{"start":{"line":19,"column":8},"end":{"line":19,"column":57}},"17":{"start":{"line":20,"column":8},"end":{"line":20,"column":46}},"18":{"start":{"line":21,"column":8},"end":{"line":21,"column":57}},"19":{"start":{"line":22,"column":8},"end":{"line":22,"column":46}},"20":{"start":{"line":23,"column":8},"end":{"line":23,"column":57}},"21":{"start":{"line":24,"column":8},"end":{"line":24,"column":47}},"22":{"start":{"line":25,"column":8},"end":{"line":25,"column":58}},"23":{"start":{"line":26,"column":8},"end":{"line":26,"column":47}},"24":{"start":{"line":27,"column":8},"end":{"line":27,"column":58}},"25":{"start":{"line":29,"column":8},"end":{"line":29,"column":46}},"26":{"start":{"line":31,"column":8},"end":{"line":31,"column":67}},"27":{"start":{"line":35,"column":0},"end":{"line":37,"column":2}},"28":{"start":{"line":36,"column":4},"end":{"line":36,"column":60}}},"fnMap":{"0":{"name":"(anonymous_0)","decl":{"start":{"line":2,"column":13},"end":{"line":2,"column":14}},"loc":{"start":{"line":2,"column":29},"end":{"line":33,"column":1}},"line":2},"1":{"name":"(anonymous_1)","decl":{"start":{"line":3,"column":63},"end":{"line":3,"column":64}},"loc":{"start":{"line":3,"column":80},"end":{"line":32,"column":5}},"line":3},"2":{"name":"(anonymous_2)","decl":{"start":{"line":35,"column":15},"end":{"line":35,"column":16}},"loc":{"start":{"line":35,"column":31},"end":{"line":37,"column":1}},"line":35}},"branchMap":{},"s":{"0":1,"1":1,"2":1,"3":1,"4":1,"5":1,"6":1,"7":1,"8":1,"9":1,"10":1,"11":1,"12":1,"13":1,"14":1,"15":1,"16":1,"17":1,"18":1,"19":1,"20":1,"21":1,"22":1,"23":1,"24":1,"25":1,"26":1,"27":1,"28":1},"f":{"0":1,"1":1,"2":1},"b":{},"_coverageSchema":"1a1c01bbd47fc00a2c39e90264f33305004495a9","hash":"10611a490cced12d5a8231264372e69858d7df06"}
}
